[2023-10-24 20:15:01,040: INFO: main: Welcome to Log]
[2023-10-24 21:16:49,341: INFO: main: Welcome to Log]
[2023-12-08 16:47:01,004: INFO: main: Welcome to Log]
[2023-12-08 17:24:57,300: INFO: common: yaml file: config\config.yaml loaded successfully]
[2023-12-08 17:24:57,308: INFO: common: yaml file: params.yaml loaded successfully]
[2023-12-08 17:24:57,309: INFO: common: created directory at: artifacts]
[2023-12-08 17:24:57,311: INFO: common: created directory at: artifacts/data_ingestion]
[2023-12-08 17:24:59,593: INFO: 4037744573: artifacts/data_ingestion/data.zip download! with following info: 
Connection: close
Content-Length: 11616915
Cache-Control: max-age=300
Content-Security-Policy: default-src 'none'; style-src 'unsafe-inline'; sandbox
Content-Type: application/zip
ETag: "adf745abc03891fe493c3be264ec012691fe3fa21d861f35a27edbe6d86a76b1"
Strict-Transport-Security: max-age=31536000
X-Content-Type-Options: nosniff
X-Frame-Options: deny
X-XSS-Protection: 1; mode=block
X-GitHub-Request-Id: C33A:1B639A:31285:5352A:65730298
Accept-Ranges: bytes
Date: Fri, 08 Dec 2023 11:48:42 GMT
Via: 1.1 varnish
X-Served-By: cache-del21744-DEL
X-Cache: MISS
X-Cache-Hits: 0
X-Timer: S1702036121.069255,VS0,VE954
Vary: Authorization,Accept-Encoding,Origin
Access-Control-Allow-Origin: *
Cross-Origin-Resource-Policy: cross-origin
X-Fastly-Request-ID: c1fd60e36e0b2731290e384beccf6a1c97bde8fa
Expires: Fri, 08 Dec 2023 11:53:42 GMT
Source-Age: 1

]
[2023-12-08 17:38:16,406: INFO: main: >>>>>> stage Data Ingestion stage started <<<<<<]
[2023-12-08 17:38:16,407: INFO: common: yaml file: config\config.yaml loaded successfully]
[2023-12-08 17:38:16,408: INFO: common: yaml file: params.yaml loaded successfully]
[2023-12-08 17:38:16,408: INFO: common: created directory at: artifacts]
[2023-12-08 17:38:16,408: INFO: common: created directory at: artifacts/data_ingestion]
[2023-12-08 17:38:16,408: INFO: data_ingestion: File already exists of size: ~ 11345 KB]
[2023-12-08 17:38:16,631: INFO: main: >>>>>> stage Data Ingestion stage completed <<<<<<

x==========x]
